<?xml version="1.0" encoding="UTF-8" ?>
<testsuites>
 <testsuite name="empty action object" timestamp="2017-03-22T21:36:56" hostname="localhost" time="0.003" errors="0" tests="4" skipped="0" disabled="0" failures="0">
  <testcase classname="empty action object" name=" + null state, should return null." time="0.002" />
  <testcase classname="empty action object" name=" + empty state object, should return empty state." time="0" />
  <testcase classname="empty action object" name=" + state object, should return state object." time="0.001" />
  <testcase classname="empty action object" name=" + undefined state, should return init state." time="0" />
 </testsuite>
 <testsuite name="normal sync action object" timestamp="2017-03-22T21:36:56" hostname="localhost" time="0.002" errors="0" tests="3" skipped="0" disabled="0" failures="0">
  <testcase classname="normal sync action object" name="countDown action, should change currentTime: 5 -&gt; 4" time="0.001" />
  <testcase classname="normal sync action object" name="reset timer action, should change currentTime: 5 -&gt; 60" time="0" />
  <testcase classname="normal sync action object" name="pause timer action, should change isPaused: false -&gt; true" time="0.001" />
 </testsuite>
</testsuites>