<?xml version="1.0" encoding="UTF-8" ?>
<testsuites>
 <testsuite name="null or empty" timestamp="2017-03-21T13:50:44" hostname="localhost" time="0.002" errors="0" tests="2" skipped="0" disabled="0" failures="0">
  <testcase classname="null or empty" name="null state and empty action object should return null" time="0.001" />
  <testcase classname="null or empty" name="empty state and empty action object should return empty state" time="0.001" />
 </testsuite>
 <testsuite name="return init state" timestamp="2017-03-21T13:50:44" hostname="localhost" time="0.001" errors="0" tests="2" skipped="0" disabled="0" failures="0">
  <testcase classname="return init state" name="empty action object" time="0" />
  <testcase classname="return init state" name="undefined state and empty action object" time="0.001" />
 </testsuite>
 <testsuite name="sync action" timestamp="2017-03-21T13:50:44" hostname="localhost" time="0.001" errors="0" tests="2" skipped="0" disabled="0" failures="0">
  <testcase classname="sync action" name="view rotate, vertical: true -&gt; false" time="0" />
  <testcase classname="sync action" name="theme change, theme: blue -&gt; pink" time="0.001" />
 </testsuite>
</testsuites>