<?xml version="1.0" encoding="UTF-8" ?>
<testsuites>
 <testsuite name="counter sync action function" timestamp="2017-03-23T23:11:55" hostname="localhost" time="0.008" errors="0" tests="7" skipped="0" disabled="0" failures="0">
  <testcase classname="counter sync action function" name="view rotate, should return object with type property." time="0.005" />
  <testcase classname="counter sync action function" name="view size change without viewSize, should return object with type property." time="0" />
  <testcase classname="counter sync action function" name="view size change with viewSize: 100, should return object with type and viewSize property." time="0.001" />
  <testcase classname="counter sync action function" name="theme change without themeName, should return object with type property." time="0" />
  <testcase classname="counter sync action function" name="theme change with themeName: pink, should return object with type and themeName property." time="0" />
  <testcase classname="counter sync action function" name="scroll to without position, should return object with type property." time="0" />
  <testcase classname="counter sync action function" name="scroll to with position: 100, should return object with type and scrollTo property." time="0" />
 </testsuite>
</testsuites>